<?xml version="1.0" encoding="UTF-8"?>
<!-- Generated by org.testng.reporters.JUnitReportReporter -->
<testsuite hostname="LAPTOP-D51OIDBI" failures="0" tests="2" name="testCases.TC_002_AccountRegistrationTest2" time="11.195" errors="0" timestamp="2023-12-08T20:46:32 IST" skipped="0">
  <testcase classname="testCases.TC_002_AccountRegistrationTest2" name="test_account_registration" time="5.630"/>
  <system-out/>
  <testcase classname="testCases.TC_002_AccountRegistrationTest2" name="test_account_registration" time="5.565"/>
  <system-out/>
</testsuite> <!-- testCases.TC_002_AccountRegistrationTest2 -->
