<?xml version="1.0" encoding="UTF-8"?>
<!-- Generated by org.testng.reporters.JUnitReportReporter -->
<testsuite hostname="LAPTOP-D51OIDBI" failures="0" tests="1" name="testCases.TC_003_LoginTest" time="11.213" errors="0" timestamp="2023-12-09T12:25:40 IST" skipped="0">
  <testcase classname="testCases.TC_003_LoginTest" name="test_login" time="11.213"/>
  <system-out/>
</testsuite> <!-- testCases.TC_003_LoginTest -->
