<?xml version="1.0" encoding="UTF-8"?>
<!-- Generated by org.testng.reporters.JUnitReportReporter -->
<testsuite hostname="LAPTOP-D51OIDBI" failures="0" tests="1" name="testCases.TC_003_LoginTest" time="5.363" errors="0" timestamp="2023-12-10T08:26:35 IST" skipped="0">
  <testcase classname="testCases.TC_003_LoginTest" name="test_login" time="5.363"/>
  <system-out/>
</testsuite> <!-- testCases.TC_003_LoginTest -->
