<?xml version="1.0" encoding="UTF-8"?>
<!-- Generated by org.testng.reporters.JUnitReportReporter -->
<testsuite hostname="LAPTOP-D51OIDBI" failures="0" tests="1" name="testCases.TC_001_AccountRegistrationTest" time="15.051" errors="0" timestamp="2023-12-08T19:17:59 IST" skipped="0">
  <testcase classname="testCases.TC_001_AccountRegistrationTest" name="test_account_registration" time="15.051"/>
  <system-out/>
</testsuite> <!-- testCases.TC_001_AccountRegistrationTest -->
